CRITICAL - 2023-09-29 15:06:30 --> Cannot use temporary expression in write context
in APPPATH\Controllers\BaseController.php on line 55.
 1 [internal function]: CodeIgniter\Debug\Exceptions->shutdownHandler()
CRITICAL - 2023-09-29 15:10:29 --> Cannot use temporary expression in write context
in APPPATH\Controllers\BaseController.php on line 55.
 1 [internal function]: CodeIgniter\Debug\Exceptions->shutdownHandler()
CRITICAL - 2023-09-29 15:11:07 --> Cannot use temporary expression in write context
in APPPATH\Controllers\BaseController.php on line 58.
 1 [internal function]: CodeIgniter\Debug\Exceptions->shutdownHandler()
CRITICAL - 2023-09-29 15:41:54 --> syntax error, unexpected token "if"
in APPPATH\Controllers\criar.php on line 28.
 1 SYSTEMPATH\Autoloader\Autoloader.php(285): CodeIgniter\Autoloader\Autoloader->includeFile('C:\\xampp\\htdocs\\crud\\app\\Controllers\\criar.php')
 2 SYSTEMPATH\Autoloader\Autoloader.php(263): CodeIgniter\Autoloader\Autoloader->loadInNamespace('App\\Controllers\\criar')
 3 [internal function]: CodeIgniter\Autoloader\Autoloader->loadClass('App\\Controllers\\criar')
 4 SYSTEMPATH\CodeIgniter.php(877): class_exists('\\App\\Controllers\\criar', true)
 5 SYSTEMPATH\CodeIgniter.php(481): CodeIgniter\CodeIgniter->startController()
 6 SYSTEMPATH\CodeIgniter.php(353): CodeIgniter\CodeIgniter->handleRequest(null, Object(Config\Cache), false)
 7 FCPATH\index.php(79): CodeIgniter\CodeIgniter->run()
ERROR - 2023-09-29 15:42:31 --> mysqli_sql_exception: Table 'concessionaria.mensagens' doesn't exist in C:\xampp\htdocs\crud\system\Database\MySQLi\Connection.php:306
Stack trace:
#0 C:\xampp\htdocs\crud\system\Database\MySQLi\Connection.php(306): mysqli->query('INSERT INTO `me...', 0)
#1 C:\xampp\htdocs\crud\system\Database\BaseConnection.php(692): CodeIgniter\Database\MySQLi\Connection->execute('INSERT INTO `me...')
#2 C:\xampp\htdocs\crud\system\Database\BaseConnection.php(606): CodeIgniter\Database\BaseConnection->simpleQuery('INSERT INTO `me...')
#3 C:\xampp\htdocs\crud\system\Database\BaseBuilder.php(2308): CodeIgniter\Database\BaseConnection->query('INSERT INTO `me...', Array, false)
#4 C:\xampp\htdocs\crud\app\Controllers\criar.php(20): CodeIgniter\Database\BaseBuilder->insert(Array)
#5 C:\xampp\htdocs\crud\system\CodeIgniter.php(919): App\Controllers\criar->cadastrar()
#6 C:\xampp\htdocs\crud\system\CodeIgniter.php(494): CodeIgniter\CodeIgniter->runController(Object(App\Controllers\criar))
#7 C:\xampp\htdocs\crud\system\CodeIgniter.php(353): CodeIgniter\CodeIgniter->handleRequest(NULL, Object(Config\Cache), false)
#8 C:\xampp\htdocs\crud\public\index.php(79): CodeIgniter\CodeIgniter->run()
#9 {main}
CRITICAL - 2023-09-29 15:42:31 --> Table 'concessionaria.mensagens' doesn't exist
in SYSTEMPATH\Database\BaseConnection.php on line 646.
 1 SYSTEMPATH\Database\BaseBuilder.php(2308): CodeIgniter\Database\BaseConnection->query('INSERT INTO `mensagens` (`modelo`, `marca`, `cor`, `ano`) VALUES (:modelo:, :marca:, :cor:, :ano:)', [...], false)
 2 APPPATH\Controllers\criar.php(20): CodeIgniter\Database\BaseBuilder->insert([...])
 3 SYSTEMPATH\CodeIgniter.php(919): App\Controllers\criar->cadastrar()
 4 SYSTEMPATH\CodeIgniter.php(494): CodeIgniter\CodeIgniter->runController(Object(App\Controllers\criar))
 5 SYSTEMPATH\CodeIgniter.php(353): CodeIgniter\CodeIgniter->handleRequest(null, Object(Config\Cache), false)
 6 FCPATH\index.php(79): CodeIgniter\CodeIgniter->run()
CRITICAL - 2023-09-29 15:56:45 --> count(): Argument #1 ($value) must be of type Countable|array, null given
in APPPATH\Views\ver.php on line 26.
 1 SYSTEMPATH\View\View.php(226): include()
 2 SYSTEMPATH\View\View.php(229): CodeIgniter\View\View->CodeIgniter\View\{closure}()
 3 SYSTEMPATH\Common.php(1188): CodeIgniter\View\View->render('ver', [], true)
 4 APPPATH\Controllers\ver.php(13): view('ver', [...])
 5 SYSTEMPATH\CodeIgniter.php(919): App\Controllers\ver->index()
 6 SYSTEMPATH\CodeIgniter.php(494): CodeIgniter\CodeIgniter->runController(Object(App\Controllers\ver))
 7 SYSTEMPATH\CodeIgniter.php(353): CodeIgniter\CodeIgniter->handleRequest(null, Object(Config\Cache), false)
 8 FCPATH\index.php(79): CodeIgniter\CodeIgniter->run()
CRITICAL - 2023-09-29 15:56:58 --> Undefined array key "id"
in APPPATH\Views\ver.php on line 31.
 1 APPPATH\Views\ver.php(31): CodeIgniter\Debug\Exceptions->errorHandler(2, 'Undefined array key "id"', 'C:\\xampp\\htdocs\\crud\\app\\Views\\ver.php', 31)
 2 SYSTEMPATH\View\View.php(226): include('C:\\xampp\\htdocs\\crud\\app\\Views\\ver.php')
 3 SYSTEMPATH\View\View.php(229): CodeIgniter\View\View->CodeIgniter\View\{closure}()
 4 SYSTEMPATH\Common.php(1188): CodeIgniter\View\View->render('ver', [], true)
 5 APPPATH\Controllers\ver.php(13): view('ver', [...])
 6 SYSTEMPATH\CodeIgniter.php(919): App\Controllers\ver->index()
 7 SYSTEMPATH\CodeIgniter.php(494): CodeIgniter\CodeIgniter->runController(Object(App\Controllers\ver))
 8 SYSTEMPATH\CodeIgniter.php(353): CodeIgniter\CodeIgniter->handleRequest(null, Object(Config\Cache), false)
 9 FCPATH\index.php(79): CodeIgniter\CodeIgniter->run()
