CRITICAL - 2023-10-01 01:03:40 --> Undefined array key "id_carro"
in APPPATH\Views\ver.php on line 37.
 1 APPPATH\Views\ver.php(37): CodeIgniter\Debug\Exceptions->errorHandler(2, 'Undefined array key "id_carro"', 'C:\\xampp\\htdocs\\crud\\app\\Views\\ver.php', 37)
 2 SYSTEMPATH\View\View.php(226): include('C:\\xampp\\htdocs\\crud\\app\\Views\\ver.php')
 3 SYSTEMPATH\View\View.php(229): CodeIgniter\View\View->CodeIgniter\View\{closure}()
 4 SYSTEMPATH\Common.php(1188): CodeIgniter\View\View->render('ver', [], true)
 5 APPPATH\Controllers\ver.php(13): view('ver', [...])
 6 SYSTEMPATH\CodeIgniter.php(919): App\Controllers\ver->index()
 7 SYSTEMPATH\CodeIgniter.php(494): CodeIgniter\CodeIgniter->runController(Object(App\Controllers\ver))
 8 SYSTEMPATH\CodeIgniter.php(353): CodeIgniter\CodeIgniter->handleRequest(null, Object(Config\Cache), false)
 9 FCPATH\index.php(79): CodeIgniter\CodeIgniter->run()
CRITICAL - 2023-10-01 01:03:57 --> Undefined array key "id"
in APPPATH\Views\ver.php on line 37.
 1 APPPATH\Views\ver.php(37): CodeIgniter\Debug\Exceptions->errorHandler(2, 'Undefined array key "id"', 'C:\\xampp\\htdocs\\crud\\app\\Views\\ver.php', 37)
 2 SYSTEMPATH\View\View.php(226): include('C:\\xampp\\htdocs\\crud\\app\\Views\\ver.php')
 3 SYSTEMPATH\View\View.php(229): CodeIgniter\View\View->CodeIgniter\View\{closure}()
 4 SYSTEMPATH\Common.php(1188): CodeIgniter\View\View->render('ver', [], true)
 5 APPPATH\Controllers\ver.php(13): view('ver', [...])
 6 SYSTEMPATH\CodeIgniter.php(919): App\Controllers\ver->index()
 7 SYSTEMPATH\CodeIgniter.php(494): CodeIgniter\CodeIgniter->runController(Object(App\Controllers\ver))
 8 SYSTEMPATH\CodeIgniter.php(353): CodeIgniter\CodeIgniter->handleRequest(null, Object(Config\Cache), false)
 9 FCPATH\index.php(79): CodeIgniter\CodeIgniter->run()
CRITICAL - 2023-10-01 01:06:44 --> Undefined array key "id"
in APPPATH\Controllers\remover.php on line 17.
 1 APPPATH\Controllers\remover.php(17): CodeIgniter\Debug\Exceptions->errorHandler(2, 'Undefined array key "id"', 'C:\\xampp\\htdocs\\crud\\app\\Controllers\\remover.php', 17)
 2 SYSTEMPATH\CodeIgniter.php(919): App\Controllers\remover->remove()
 3 SYSTEMPATH\CodeIgniter.php(494): CodeIgniter\CodeIgniter->runController(Object(App\Controllers\remover))
 4 SYSTEMPATH\CodeIgniter.php(353): CodeIgniter\CodeIgniter->handleRequest(null, Object(Config\Cache), false)
 5 FCPATH\index.php(79): CodeIgniter\CodeIgniter->run()
CRITICAL - 2023-10-01 01:08:32 --> Too few arguments to function App\Controllers\remover::remove(), 0 passed in C:\xampp\htdocs\crud\system\CodeIgniter.php on line 919 and exactly 1 expected
in APPPATH\Controllers\remover.php on line 15.
 1 SYSTEMPATH\CodeIgniter.php(919): App\Controllers\remover->remove()
 2 SYSTEMPATH\CodeIgniter.php(494): CodeIgniter\CodeIgniter->runController(Object(App\Controllers\remover))
 3 SYSTEMPATH\CodeIgniter.php(353): CodeIgniter\CodeIgniter->handleRequest(null, Object(Config\Cache), false)
 4 FCPATH\index.php(79): CodeIgniter\CodeIgniter->run()
CRITICAL - 2023-10-01 01:09:07 --> Too few arguments to function App\Controllers\remover::remove(), 0 passed in C:\xampp\htdocs\crud\system\CodeIgniter.php on line 919 and exactly 1 expected
in APPPATH\Controllers\remover.php on line 15.
 1 SYSTEMPATH\CodeIgniter.php(919): App\Controllers\remover->remove()
 2 SYSTEMPATH\CodeIgniter.php(494): CodeIgniter\CodeIgniter->runController(Object(App\Controllers\remover))
 3 SYSTEMPATH\CodeIgniter.php(353): CodeIgniter\CodeIgniter->handleRequest(null, Object(Config\Cache), false)
 4 FCPATH\index.php(79): CodeIgniter\CodeIgniter->run()
CRITICAL - 2023-10-01 01:18:11 --> syntax error, unexpected identifier "header"
in APPPATH\Controllers\remover.php on line 18.
 1 SYSTEMPATH\Autoloader\Autoloader.php(285): CodeIgniter\Autoloader\Autoloader->includeFile('C:\\xampp\\htdocs\\crud\\app\\Controllers\\remover.php')
 2 SYSTEMPATH\Autoloader\Autoloader.php(263): CodeIgniter\Autoloader\Autoloader->loadInNamespace('App\\Controllers\\remover')
 3 [internal function]: CodeIgniter\Autoloader\Autoloader->loadClass('App\\Controllers\\remover')
 4 SYSTEMPATH\CodeIgniter.php(877): class_exists('\\App\\Controllers\\remover', true)
 5 SYSTEMPATH\CodeIgniter.php(481): CodeIgniter\CodeIgniter->startController()
 6 SYSTEMPATH\CodeIgniter.php(353): CodeIgniter\CodeIgniter->handleRequest(null, Object(Config\Cache), false)
 7 FCPATH\index.php(79): CodeIgniter\CodeIgniter->run()
CRITICAL - 2023-10-01 01:50:35 --> Call to undefined function get()
in APPPATH\Config\Routes.php on line 12.
 1 SYSTEMPATH\Router\RouteCollection.php(339): require()
 2 SYSTEMPATH\CodeIgniter.php(787): CodeIgniter\Router\RouteCollection->loadRoutes()
 3 SYSTEMPATH\CodeIgniter.php(442): CodeIgniter\CodeIgniter->tryToRouteIt(null)
 4 SYSTEMPATH\CodeIgniter.php(353): CodeIgniter\CodeIgniter->handleRequest(null, Object(Config\Cache), false)
 5 FCPATH\index.php(79): CodeIgniter\CodeIgniter->run()
CRITICAL - 2023-10-01 01:51:01 --> Call to undefined function get()
in APPPATH\Config\Routes.php on line 12.
 1 SYSTEMPATH\Router\RouteCollection.php(339): require()
 2 SYSTEMPATH\CodeIgniter.php(787): CodeIgniter\Router\RouteCollection->loadRoutes()
 3 SYSTEMPATH\CodeIgniter.php(442): CodeIgniter\CodeIgniter->tryToRouteIt(null)
 4 SYSTEMPATH\CodeIgniter.php(353): CodeIgniter\CodeIgniter->handleRequest(null, Object(Config\Cache), false)
 5 FCPATH\index.php(79): CodeIgniter\CodeIgniter->run()
CRITICAL - 2023-10-01 01:51:20 --> Call to undefined function get()
in APPPATH\Config\Routes.php on line 12.
 1 SYSTEMPATH\Router\RouteCollection.php(339): require()
 2 SYSTEMPATH\CodeIgniter.php(787): CodeIgniter\Router\RouteCollection->loadRoutes()
 3 SYSTEMPATH\CodeIgniter.php(442): CodeIgniter\CodeIgniter->tryToRouteIt(null)
 4 SYSTEMPATH\CodeIgniter.php(353): CodeIgniter\CodeIgniter->handleRequest(null, Object(Config\Cache), false)
 5 FCPATH\index.php(79): CodeIgniter\CodeIgniter->run()
CRITICAL - 2023-10-01 01:51:36 --> syntax error, unexpected token "}"
in APPPATH\Controllers\atualizar.php on line 19.
 1 SYSTEMPATH\Autoloader\Autoloader.php(285): CodeIgniter\Autoloader\Autoloader->includeFile('C:\\xampp\\htdocs\\crud\\app\\Controllers\\atualizar.php')
 2 SYSTEMPATH\Autoloader\Autoloader.php(263): CodeIgniter\Autoloader\Autoloader->loadInNamespace('App\\Controllers\\atualizar')
 3 [internal function]: CodeIgniter\Autoloader\Autoloader->loadClass('App\\Controllers\\atualizar')
 4 SYSTEMPATH\CodeIgniter.php(877): class_exists('\\App\\Controllers\\atualizar', true)
 5 SYSTEMPATH\CodeIgniter.php(481): CodeIgniter\CodeIgniter->startController()
 6 SYSTEMPATH\CodeIgniter.php(353): CodeIgniter\CodeIgniter->handleRequest(null, Object(Config\Cache), false)
 7 FCPATH\index.php(79): CodeIgniter\CodeIgniter->run()
CRITICAL - 2023-10-01 01:51:56 --> Too few arguments to function App\Controllers\atualizar::index(), 0 passed in C:\xampp\htdocs\crud\system\CodeIgniter.php on line 919 and exactly 1 expected
in APPPATH\Controllers\atualizar.php on line 7.
 1 SYSTEMPATH\CodeIgniter.php(919): App\Controllers\atualizar->index()
 2 SYSTEMPATH\CodeIgniter.php(494): CodeIgniter\CodeIgniter->runController(Object(App\Controllers\atualizar))
 3 SYSTEMPATH\CodeIgniter.php(353): CodeIgniter\CodeIgniter->handleRequest(null, Object(Config\Cache), false)
 4 FCPATH\index.php(79): CodeIgniter\CodeIgniter->run()
CRITICAL - 2023-10-01 01:52:56 --> Undefined array key "modelo"
in APPPATH\Controllers\atualizar.php on line 11.
 1 APPPATH\Controllers\atualizar.php(11): CodeIgniter\Debug\Exceptions->errorHandler(2, 'Undefined array key "modelo"', 'C:\\xampp\\htdocs\\crud\\app\\Controllers\\atualizar.php', 11)
 2 SYSTEMPATH\CodeIgniter.php(919): App\Controllers\atualizar->index('$1')
 3 SYSTEMPATH\CodeIgniter.php(494): CodeIgniter\CodeIgniter->runController(Object(App\Controllers\atualizar))
 4 SYSTEMPATH\CodeIgniter.php(353): CodeIgniter\CodeIgniter->handleRequest(null, Object(Config\Cache), false)
 5 FCPATH\index.php(79): CodeIgniter\CodeIgniter->run()
CRITICAL - 2023-10-01 01:53:19 --> Undefined array key "modelo"
in APPPATH\Controllers\atualizar.php on line 11.
 1 APPPATH\Controllers\atualizar.php(11): CodeIgniter\Debug\Exceptions->errorHandler(2, 'Undefined array key "modelo"', 'C:\\xampp\\htdocs\\crud\\app\\Controllers\\atualizar.php', 11)
 2 SYSTEMPATH\CodeIgniter.php(919): App\Controllers\atualizar->index('$1')
 3 SYSTEMPATH\CodeIgniter.php(494): CodeIgniter\CodeIgniter->runController(Object(App\Controllers\atualizar))
 4 SYSTEMPATH\CodeIgniter.php(353): CodeIgniter\CodeIgniter->handleRequest(null, Object(Config\Cache), false)
 5 FCPATH\index.php(79): CodeIgniter\CodeIgniter->run()
CRITICAL - 2023-10-01 01:56:35 --> Undefined array key "modelo"
in APPPATH\Controllers\atualizar.php on line 11.
 1 APPPATH\Controllers\atualizar.php(11): CodeIgniter\Debug\Exceptions->errorHandler(2, 'Undefined array key "modelo"', 'C:\\xampp\\htdocs\\crud\\app\\Controllers\\atualizar.php', 11)
 2 SYSTEMPATH\CodeIgniter.php(919): App\Controllers\atualizar->index('$1')
 3 SYSTEMPATH\CodeIgniter.php(494): CodeIgniter\CodeIgniter->runController(Object(App\Controllers\atualizar))
 4 SYSTEMPATH\CodeIgniter.php(353): CodeIgniter\CodeIgniter->handleRequest(null, Object(Config\Cache), false)
 5 FCPATH\index.php(79): CodeIgniter\CodeIgniter->run()
CRITICAL - 2023-10-01 02:02:04 --> Undefined array key "modelo"
in APPPATH\Controllers\atualizar.php on line 11.
 1 APPPATH\Controllers\atualizar.php(11): CodeIgniter\Debug\Exceptions->errorHandler(2, 'Undefined array key "modelo"', 'C:\\xampp\\htdocs\\crud\\app\\Controllers\\atualizar.php', 11)
 2 SYSTEMPATH\CodeIgniter.php(919): App\Controllers\atualizar->index('$1')
 3 SYSTEMPATH\CodeIgniter.php(494): CodeIgniter\CodeIgniter->runController(Object(App\Controllers\atualizar))
 4 SYSTEMPATH\CodeIgniter.php(353): CodeIgniter\CodeIgniter->handleRequest(null, Object(Config\Cache), false)
 5 FCPATH\index.php(79): CodeIgniter\CodeIgniter->run()
CRITICAL - 2023-10-01 02:02:15 --> Undefined array key "modelo"
in APPPATH\Controllers\atualizar.php on line 11.
 1 APPPATH\Controllers\atualizar.php(11): CodeIgniter\Debug\Exceptions->errorHandler(2, 'Undefined array key "modelo"', 'C:\\xampp\\htdocs\\crud\\app\\Controllers\\atualizar.php', 11)
 2 SYSTEMPATH\CodeIgniter.php(919): App\Controllers\atualizar->index('$1')
 3 SYSTEMPATH\CodeIgniter.php(494): CodeIgniter\CodeIgniter->runController(Object(App\Controllers\atualizar))
 4 SYSTEMPATH\CodeIgniter.php(353): CodeIgniter\CodeIgniter->handleRequest(null, Object(Config\Cache), false)
 5 FCPATH\index.php(79): CodeIgniter\CodeIgniter->run()
CRITICAL - 2023-10-01 02:03:41 --> Undefined variable $msg
in APPPATH\Views\atualizar.php on line 10.
 1 APPPATH\Views\atualizar.php(10): CodeIgniter\Debug\Exceptions->errorHandler(2, 'Undefined variable $msg', 'C:\\xampp\\htdocs\\crud\\app\\Views\\atualizar.php', 10)
 2 SYSTEMPATH\View\View.php(226): include('C:\\xampp\\htdocs\\crud\\app\\Views\\atualizar.php')
 3 SYSTEMPATH\View\View.php(229): CodeIgniter\View\View->CodeIgniter\View\{closure}()
 4 SYSTEMPATH\Common.php(1188): CodeIgniter\View\View->render('atualizar', [], true)
 5 APPPATH\Controllers\atualizar.php(9): view('atualizar')
 6 SYSTEMPATH\CodeIgniter.php(919): App\Controllers\atualizar->index('$1')
 7 SYSTEMPATH\CodeIgniter.php(494): CodeIgniter\CodeIgniter->runController(Object(App\Controllers\atualizar))
 8 SYSTEMPATH\CodeIgniter.php(353): CodeIgniter\CodeIgniter->handleRequest(null, Object(Config\Cache), false)
 9 FCPATH\index.php(79): CodeIgniter\CodeIgniter->run()
CRITICAL - 2023-10-01 02:04:23 --> Undefined variable $titulo
in APPPATH\Views\topo.php on line 22.
 1 APPPATH\Views\topo.php(22): CodeIgniter\Debug\Exceptions->errorHandler(2, 'Undefined variable $titulo', 'C:\\xampp\\htdocs\\crud\\app\\Views\\topo.php', 22)
 2 SYSTEMPATH\View\View.php(226): include('C:\\xampp\\htdocs\\crud\\app\\Views\\topo.php')
 3 SYSTEMPATH\View\View.php(229): CodeIgniter\View\View->CodeIgniter\View\{closure}()
 4 SYSTEMPATH\Common.php(1188): CodeIgniter\View\View->render('topo', [], true)
 5 APPPATH\Controllers\atualizar.php(9): view('topo')
 6 SYSTEMPATH\CodeIgniter.php(919): App\Controllers\atualizar->index('$1')
 7 SYSTEMPATH\CodeIgniter.php(494): CodeIgniter\CodeIgniter->runController(Object(App\Controllers\atualizar))
 8 SYSTEMPATH\CodeIgniter.php(353): CodeIgniter\CodeIgniter->handleRequest(null, Object(Config\Cache), false)
 9 FCPATH\index.php(79): CodeIgniter\CodeIgniter->run()
CRITICAL - 2023-10-01 02:05:15 --> Invalid file: "footer.php"
in SYSTEMPATH\Exceptions\FrameworkException.php on line 39.
 1 SYSTEMPATH\View\View.php(214): CodeIgniter\Exceptions\FrameworkException::forInvalidFile('footer.php')
 2 SYSTEMPATH\Common.php(1188): CodeIgniter\View\View->render('footer', [], true)
 3 APPPATH\Controllers\atualizar.php(11): view('footer')
 4 SYSTEMPATH\CodeIgniter.php(919): App\Controllers\atualizar->index('$1')
 5 SYSTEMPATH\CodeIgniter.php(494): CodeIgniter\CodeIgniter->runController(Object(App\Controllers\atualizar))
 6 SYSTEMPATH\CodeIgniter.php(353): CodeIgniter\CodeIgniter->handleRequest(null, Object(Config\Cache), false)
 7 FCPATH\index.php(79): CodeIgniter\CodeIgniter->run()
CRITICAL - 2023-10-01 02:11:47 --> Too few arguments to function App\Controllers\atualizar::altera(), 0 passed in C:\xampp\htdocs\crud\system\CodeIgniter.php on line 919 and exactly 1 expected
in APPPATH\Controllers\atualizar.php on line 13.
 1 SYSTEMPATH\CodeIgniter.php(919): App\Controllers\atualizar->altera()
 2 SYSTEMPATH\CodeIgniter.php(494): CodeIgniter\CodeIgniter->runController(Object(App\Controllers\atualizar))
 3 SYSTEMPATH\CodeIgniter.php(353): CodeIgniter\CodeIgniter->handleRequest(null, Object(Config\Cache), false)
 4 FCPATH\index.php(79): CodeIgniter\CodeIgniter->run()
CRITICAL - 2023-10-01 02:19:24 --> Undefined array key "modelo"
in APPPATH\Controllers\atualizar.php on line 14.
 1 APPPATH\Controllers\atualizar.php(14): CodeIgniter\Debug\Exceptions->errorHandler(2, 'Undefined array key "modelo"', 'C:\\xampp\\htdocs\\crud\\app\\Controllers\\atualizar.php', 14)
 2 SYSTEMPATH\CodeIgniter.php(919): App\Controllers\atualizar->altera('12')
 3 SYSTEMPATH\CodeIgniter.php(494): CodeIgniter\CodeIgniter->runController(Object(App\Controllers\atualizar))
 4 SYSTEMPATH\CodeIgniter.php(353): CodeIgniter\CodeIgniter->handleRequest(null, Object(Config\Cache), false)
 5 FCPATH\index.php(79): CodeIgniter\CodeIgniter->run()
CRITICAL - 2023-10-01 02:20:18 --> Undefined array key "modelo"
in APPPATH\Controllers\atualizar.php on line 14.
 1 APPPATH\Controllers\atualizar.php(14): CodeIgniter\Debug\Exceptions->errorHandler(2, 'Undefined array key "modelo"', 'C:\\xampp\\htdocs\\crud\\app\\Controllers\\atualizar.php', 14)
 2 SYSTEMPATH\CodeIgniter.php(919): App\Controllers\atualizar->altera('12')
 3 SYSTEMPATH\CodeIgniter.php(494): CodeIgniter\CodeIgniter->runController(Object(App\Controllers\atualizar))
 4 SYSTEMPATH\CodeIgniter.php(353): CodeIgniter\CodeIgniter->handleRequest(null, Object(Config\Cache), false)
 5 FCPATH\index.php(79): CodeIgniter\CodeIgniter->run()
CRITICAL - 2023-10-01 02:21:26 --> Undefined array key "modelo"
in APPPATH\Controllers\atualizar.php on line 14.
 1 APPPATH\Controllers\atualizar.php(14): CodeIgniter\Debug\Exceptions->errorHandler(2, 'Undefined array key "modelo"', 'C:\\xampp\\htdocs\\crud\\app\\Controllers\\atualizar.php', 14)
 2 SYSTEMPATH\CodeIgniter.php(919): App\Controllers\atualizar->altera('12')
 3 SYSTEMPATH\CodeIgniter.php(494): CodeIgniter\CodeIgniter->runController(Object(App\Controllers\atualizar))
 4 SYSTEMPATH\CodeIgniter.php(353): CodeIgniter\CodeIgniter->handleRequest(null, Object(Config\Cache), false)
 5 FCPATH\index.php(79): CodeIgniter\CodeIgniter->run()
CRITICAL - 2023-10-01 02:21:41 --> Undefined array key "modelo"
in APPPATH\Controllers\atualizar.php on line 14.
 1 APPPATH\Controllers\atualizar.php(14): CodeIgniter\Debug\Exceptions->errorHandler(2, 'Undefined array key "modelo"', 'C:\\xampp\\htdocs\\crud\\app\\Controllers\\atualizar.php', 14)
 2 SYSTEMPATH\CodeIgniter.php(919): App\Controllers\atualizar->altera('12')
 3 SYSTEMPATH\CodeIgniter.php(494): CodeIgniter\CodeIgniter->runController(Object(App\Controllers\atualizar))
 4 SYSTEMPATH\CodeIgniter.php(353): CodeIgniter\CodeIgniter->handleRequest(null, Object(Config\Cache), false)
 5 FCPATH\index.php(79): CodeIgniter\CodeIgniter->run()
CRITICAL - 2023-10-01 02:29:48 --> syntax error, unexpected variable "$id_2", expecting "function" or "const"
in APPPATH\Controllers\atualizar.php on line 7.
 1 SYSTEMPATH\Autoloader\Autoloader.php(285): CodeIgniter\Autoloader\Autoloader->includeFile('C:\\xampp\\htdocs\\crud\\app\\Controllers\\atualizar.php')
 2 SYSTEMPATH\Autoloader\Autoloader.php(263): CodeIgniter\Autoloader\Autoloader->loadInNamespace('App\\Controllers\\atualizar')
 3 [internal function]: CodeIgniter\Autoloader\Autoloader->loadClass('App\\Controllers\\atualizar')
 4 SYSTEMPATH\CodeIgniter.php(877): class_exists('\\App\\Controllers\\atualizar', true)
 5 SYSTEMPATH\CodeIgniter.php(481): CodeIgniter\CodeIgniter->startController()
 6 SYSTEMPATH\CodeIgniter.php(353): CodeIgniter\CodeIgniter->handleRequest(null, Object(Config\Cache), false)
 7 FCPATH\index.php(79): CodeIgniter\CodeIgniter->run()
CRITICAL - 2023-10-01 02:45:43 --> Undefined array key "id"
in APPPATH\Controllers\atualizar.php on line 17.
 1 APPPATH\Controllers\atualizar.php(17): CodeIgniter\Debug\Exceptions->errorHandler(2, 'Undefined array key "id"', 'C:\\xampp\\htdocs\\crud\\app\\Controllers\\atualizar.php', 17)
 2 SYSTEMPATH\CodeIgniter.php(919): App\Controllers\atualizar->index()
 3 SYSTEMPATH\CodeIgniter.php(494): CodeIgniter\CodeIgniter->runController(Object(App\Controllers\atualizar))
 4 SYSTEMPATH\CodeIgniter.php(353): CodeIgniter\CodeIgniter->handleRequest(null, Object(Config\Cache), false)
 5 FCPATH\index.php(79): CodeIgniter\CodeIgniter->run()
CRITICAL - 2023-10-01 02:45:55 --> Undefined array key "id"
in APPPATH\Controllers\atualizar.php on line 17.
 1 APPPATH\Controllers\atualizar.php(17): CodeIgniter\Debug\Exceptions->errorHandler(2, 'Undefined array key "id"', 'C:\\xampp\\htdocs\\crud\\app\\Controllers\\atualizar.php', 17)
 2 SYSTEMPATH\CodeIgniter.php(919): App\Controllers\atualizar->index()
 3 SYSTEMPATH\CodeIgniter.php(494): CodeIgniter\CodeIgniter->runController(Object(App\Controllers\atualizar))
 4 SYSTEMPATH\CodeIgniter.php(353): CodeIgniter\CodeIgniter->handleRequest(null, Object(Config\Cache), false)
 5 FCPATH\index.php(79): CodeIgniter\CodeIgniter->run()
CRITICAL - 2023-10-01 02:46:01 --> Undefined array key "id"
in APPPATH\Controllers\atualizar.php on line 17.
 1 APPPATH\Controllers\atualizar.php(17): CodeIgniter\Debug\Exceptions->errorHandler(2, 'Undefined array key "id"', 'C:\\xampp\\htdocs\\crud\\app\\Controllers\\atualizar.php', 17)
 2 SYSTEMPATH\CodeIgniter.php(919): App\Controllers\atualizar->index()
 3 SYSTEMPATH\CodeIgniter.php(494): CodeIgniter\CodeIgniter->runController(Object(App\Controllers\atualizar))
 4 SYSTEMPATH\CodeIgniter.php(353): CodeIgniter\CodeIgniter->handleRequest(null, Object(Config\Cache), false)
 5 FCPATH\index.php(79): CodeIgniter\CodeIgniter->run()
CRITICAL - 2023-10-01 02:46:07 --> Undefined array key "id"
in APPPATH\Controllers\atualizar.php on line 17.
 1 APPPATH\Controllers\atualizar.php(17): CodeIgniter\Debug\Exceptions->errorHandler(2, 'Undefined array key "id"', 'C:\\xampp\\htdocs\\crud\\app\\Controllers\\atualizar.php', 17)
 2 SYSTEMPATH\CodeIgniter.php(919): App\Controllers\atualizar->index()
 3 SYSTEMPATH\CodeIgniter.php(494): CodeIgniter\CodeIgniter->runController(Object(App\Controllers\atualizar))
 4 SYSTEMPATH\CodeIgniter.php(353): CodeIgniter\CodeIgniter->handleRequest(null, Object(Config\Cache), false)
 5 FCPATH\index.php(79): CodeIgniter\CodeIgniter->run()
CRITICAL - 2023-10-01 12:51:10 --> Array to string conversion
in APPPATH\Views\ver.php on line 39.
 1 APPPATH\Views\ver.php(39): CodeIgniter\Debug\Exceptions->errorHandler(2, 'Array to string conversion', 'C:\\xampp\\htdocs\\crud\\app\\Views\\ver.php', 39)
 2 SYSTEMPATH\View\View.php(226): include('C:\\xampp\\htdocs\\crud\\app\\Views\\ver.php')
 3 SYSTEMPATH\View\View.php(229): CodeIgniter\View\View->CodeIgniter\View\{closure}()
 4 SYSTEMPATH\Common.php(1188): CodeIgniter\View\View->render('ver', [], true)
 5 APPPATH\Controllers\ver.php(13): view('ver', [...])
 6 SYSTEMPATH\CodeIgniter.php(919): App\Controllers\ver->index()
 7 SYSTEMPATH\CodeIgniter.php(494): CodeIgniter\CodeIgniter->runController(Object(App\Controllers\ver))
 8 SYSTEMPATH\CodeIgniter.php(353): CodeIgniter\CodeIgniter->handleRequest(null, Object(Config\Cache), false)
 9 FCPATH\index.php(79): CodeIgniter\CodeIgniter->run()
CRITICAL - 2023-10-01 12:54:05 --> Undefined variable $vt
in APPPATH\Views\topo.php on line 27.
 1 APPPATH\Views\topo.php(27): CodeIgniter\Debug\Exceptions->errorHandler(2, 'Undefined variable $vt', 'C:\\xampp\\htdocs\\crud\\app\\Views\\topo.php', 27)
 2 SYSTEMPATH\View\View.php(226): include('C:\\xampp\\htdocs\\crud\\app\\Views\\topo.php')
 3 SYSTEMPATH\View\View.php(229): CodeIgniter\View\View->CodeIgniter\View\{closure}()
 4 SYSTEMPATH\Common.php(1188): CodeIgniter\View\View->render('topo', [], true)
 5 APPPATH\Controllers\criar.php(29): view('topo', [...])
 6 SYSTEMPATH\CodeIgniter.php(919): App\Controllers\criar->cadastrar()
 7 SYSTEMPATH\CodeIgniter.php(494): CodeIgniter\CodeIgniter->runController(Object(App\Controllers\criar))
 8 SYSTEMPATH\CodeIgniter.php(353): CodeIgniter\CodeIgniter->handleRequest(null, Object(Config\Cache), false)
 9 FCPATH\index.php(79): CodeIgniter\CodeIgniter->run()
ERROR - 2023-10-01 17:52:35 --> Error connecting to the database: mysqli_sql_exception: Nenhuma conexão pôde ser feita porque a máquina de destino as recusou ativamente in C:\xampp\htdocs\crud\system\Database\MySQLi\Connection.php:184
Stack trace:
#0 C:\xampp\htdocs\crud\system\Database\MySQLi\Connection.php(184): mysqli->real_connect('localhost', 'root', Object(SensitiveParameterValue), 'concessionaria', 3306, '', 0)
#1 C:\xampp\htdocs\crud\system\Database\BaseConnection.php(391): CodeIgniter\Database\MySQLi\Connection->connect(false)
#2 C:\xampp\htdocs\crud\system\Database\BaseConnection.php(574): CodeIgniter\Database\BaseConnection->initialize()
#3 C:\xampp\htdocs\crud\system\Database\BaseBuilder.php(1615): CodeIgniter\Database\BaseConnection->query('SELECT *\nFROM `...', Array, false)
#4 C:\xampp\htdocs\crud\app\Controllers\ver.php(11): CodeIgniter\Database\BaseBuilder->get()
#5 C:\xampp\htdocs\crud\system\CodeIgniter.php(919): App\Controllers\ver->index()
#6 C:\xampp\htdocs\crud\system\CodeIgniter.php(494): CodeIgniter\CodeIgniter->runController(Object(App\Controllers\ver))
#7 C:\xampp\htdocs\crud\system\CodeIgniter.php(353): CodeIgniter\CodeIgniter->handleRequest(NULL, Object(Config\Cache), false)
#8 C:\xampp\htdocs\crud\public\index.php(79): CodeIgniter\CodeIgniter->run()
#9 {main}

Next CodeIgniter\Database\Exceptions\DatabaseException: Nenhuma conexão pôde ser feita porque a máquina de destino as recusou ativamente in C:\xampp\htdocs\crud\system\Database\MySQLi\Connection.php:229
Stack trace:
#0 C:\xampp\htdocs\crud\system\Database\BaseConnection.php(391): CodeIgniter\Database\MySQLi\Connection->connect(false)
#1 C:\xampp\htdocs\crud\system\Database\BaseConnection.php(574): CodeIgniter\Database\BaseConnection->initialize()
#2 C:\xampp\htdocs\crud\system\Database\BaseBuilder.php(1615): CodeIgniter\Database\BaseConnection->query('SELECT *\nFROM `...', Array, false)
#3 C:\xampp\htdocs\crud\app\Controllers\ver.php(11): CodeIgniter\Database\BaseBuilder->get()
#4 C:\xampp\htdocs\crud\system\CodeIgniter.php(919): App\Controllers\ver->index()
#5 C:\xampp\htdocs\crud\system\CodeIgniter.php(494): CodeIgniter\CodeIgniter->runController(Object(App\Controllers\ver))
#6 C:\xampp\htdocs\crud\system\CodeIgniter.php(353): CodeIgniter\CodeIgniter->handleRequest(NULL, Object(Config\Cache), false)
#7 C:\xampp\htdocs\crud\public\index.php(79): CodeIgniter\CodeIgniter->run()
#8 {main}
CRITICAL - 2023-10-01 17:52:35 --> Unable to connect to the database.
Main connection [MySQLi]: Nenhuma conexão pôde ser feita porque a máquina de destino as recusou ativamente
in SYSTEMPATH\Database\BaseConnection.php on line 427.
 1 SYSTEMPATH\Database\BaseConnection.php(574): CodeIgniter\Database\BaseConnection->initialize()
 2 SYSTEMPATH\Database\BaseBuilder.php(1615): CodeIgniter\Database\BaseConnection->query('SELECT *
FROM `carros`', [], false)
 3 APPPATH\Controllers\ver.php(11): CodeIgniter\Database\BaseBuilder->get()
 4 SYSTEMPATH\CodeIgniter.php(919): App\Controllers\ver->index()
 5 SYSTEMPATH\CodeIgniter.php(494): CodeIgniter\CodeIgniter->runController(Object(App\Controllers\ver))
 6 SYSTEMPATH\CodeIgniter.php(353): CodeIgniter\CodeIgniter->handleRequest(null, Object(Config\Cache), false)
 7 FCPATH\index.php(79): CodeIgniter\CodeIgniter->run()
CRITICAL - 2023-10-01 18:12:12 --> Undefined array key "id_carro"
in APPPATH\Controllers\atualizar.php on line 12.
 1 APPPATH\Controllers\atualizar.php(12): CodeIgniter\Debug\Exceptions->errorHandler(2, 'Undefined array key "id_carro"', 'C:\\xampp\\htdocs\\crud\\app\\Controllers\\atualizar.php', 12)
 2 SYSTEMPATH\CodeIgniter.php(919): App\Controllers\atualizar->altera('17')
 3 SYSTEMPATH\CodeIgniter.php(494): CodeIgniter\CodeIgniter->runController(Object(App\Controllers\atualizar))
 4 SYSTEMPATH\CodeIgniter.php(353): CodeIgniter\CodeIgniter->handleRequest(null, Object(Config\Cache), false)
 5 FCPATH\index.php(79): CodeIgniter\CodeIgniter->run()
CRITICAL - 2023-10-01 18:12:45 --> Undefined variable $carro
in APPPATH\Controllers\atualizar.php on line 10.
 1 APPPATH\Controllers\atualizar.php(10): CodeIgniter\Debug\Exceptions->errorHandler(2, 'Undefined variable $carro', 'C:\\xampp\\htdocs\\crud\\app\\Controllers\\atualizar.php', 10)
 2 SYSTEMPATH\CodeIgniter.php(919): App\Controllers\atualizar->altera('17')
 3 SYSTEMPATH\CodeIgniter.php(494): CodeIgniter\CodeIgniter->runController(Object(App\Controllers\atualizar))
 4 SYSTEMPATH\CodeIgniter.php(353): CodeIgniter\CodeIgniter->handleRequest(null, Object(Config\Cache), false)
 5 FCPATH\index.php(79): CodeIgniter\CodeIgniter->run()
CRITICAL - 2023-10-01 18:15:41 --> Call to undefined method CodeIgniter\Database\MySQLi\Connection::where()
in APPPATH\Controllers\atualizar.php on line 10.
 1 SYSTEMPATH\CodeIgniter.php(919): App\Controllers\atualizar->altera('17')
 2 SYSTEMPATH\CodeIgniter.php(494): CodeIgniter\CodeIgniter->runController(Object(App\Controllers\atualizar))
 3 SYSTEMPATH\CodeIgniter.php(353): CodeIgniter\CodeIgniter->handleRequest(null, Object(Config\Cache), false)
 4 FCPATH\index.php(79): CodeIgniter\CodeIgniter->run()
CRITICAL - 2023-10-01 18:17:12 --> Undefined variable $id
in APPPATH\Views\atualizar.php on line 3.
 1 APPPATH\Views\atualizar.php(3): CodeIgniter\Debug\Exceptions->errorHandler(2, 'Undefined variable $id', 'C:\\xampp\\htdocs\\crud\\app\\Views\\atualizar.php', 3)
 2 SYSTEMPATH\View\View.php(226): include('C:\\xampp\\htdocs\\crud\\app\\Views\\atualizar.php')
 3 SYSTEMPATH\View\View.php(229): CodeIgniter\View\View->CodeIgniter\View\{closure}()
 4 SYSTEMPATH\Common.php(1188): CodeIgniter\View\View->render('atualizar', [], true)
 5 APPPATH\Controllers\atualizar.php(14): view('atualizar', [...])
 6 SYSTEMPATH\CodeIgniter.php(919): App\Controllers\atualizar->altera('17')
 7 SYSTEMPATH\CodeIgniter.php(494): CodeIgniter\CodeIgniter->runController(Object(App\Controllers\atualizar))
 8 SYSTEMPATH\CodeIgniter.php(353): CodeIgniter\CodeIgniter->handleRequest(null, Object(Config\Cache), false)
 9 FCPATH\index.php(79): CodeIgniter\CodeIgniter->run()
CRITICAL - 2023-10-01 18:17:39 --> Undefined array key "id_carro"
in APPPATH\Views\atualizar.php on line 3.
 1 APPPATH\Views\atualizar.php(3): CodeIgniter\Debug\Exceptions->errorHandler(2, 'Undefined array key "id_carro"', 'C:\\xampp\\htdocs\\crud\\app\\Views\\atualizar.php', 3)
 2 SYSTEMPATH\View\View.php(226): include('C:\\xampp\\htdocs\\crud\\app\\Views\\atualizar.php')
 3 SYSTEMPATH\View\View.php(229): CodeIgniter\View\View->CodeIgniter\View\{closure}()
 4 SYSTEMPATH\Common.php(1188): CodeIgniter\View\View->render('atualizar', [], true)
 5 APPPATH\Controllers\atualizar.php(14): view('atualizar', [...])
 6 SYSTEMPATH\CodeIgniter.php(919): App\Controllers\atualizar->altera('17')
 7 SYSTEMPATH\CodeIgniter.php(494): CodeIgniter\CodeIgniter->runController(Object(App\Controllers\atualizar))
 8 SYSTEMPATH\CodeIgniter.php(353): CodeIgniter\CodeIgniter->handleRequest(null, Object(Config\Cache), false)
 9 FCPATH\index.php(79): CodeIgniter\CodeIgniter->run()
CRITICAL - 2023-10-01 18:17:59 --> Undefined array key "id"
in APPPATH\Views\atualizar.php on line 3.
 1 APPPATH\Views\atualizar.php(3): CodeIgniter\Debug\Exceptions->errorHandler(2, 'Undefined array key "id"', 'C:\\xampp\\htdocs\\crud\\app\\Views\\atualizar.php', 3)
 2 SYSTEMPATH\View\View.php(226): include('C:\\xampp\\htdocs\\crud\\app\\Views\\atualizar.php')
 3 SYSTEMPATH\View\View.php(229): CodeIgniter\View\View->CodeIgniter\View\{closure}()
 4 SYSTEMPATH\Common.php(1188): CodeIgniter\View\View->render('atualizar', [], true)
 5 APPPATH\Controllers\atualizar.php(14): view('atualizar', [...])
 6 SYSTEMPATH\CodeIgniter.php(919): App\Controllers\atualizar->altera('17')
 7 SYSTEMPATH\CodeIgniter.php(494): CodeIgniter\CodeIgniter->runController(Object(App\Controllers\atualizar))
 8 SYSTEMPATH\CodeIgniter.php(353): CodeIgniter\CodeIgniter->handleRequest(null, Object(Config\Cache), false)
 9 FCPATH\index.php(79): CodeIgniter\CodeIgniter->run()
CRITICAL - 2023-10-01 18:18:31 --> Undefined array key "id_carro"
in APPPATH\Controllers\atualizar.php on line 14.
 1 APPPATH\Controllers\atualizar.php(14): CodeIgniter\Debug\Exceptions->errorHandler(2, 'Undefined array key "id_carro"', 'C:\\xampp\\htdocs\\crud\\app\\Controllers\\atualizar.php', 14)
 2 SYSTEMPATH\CodeIgniter.php(919): App\Controllers\atualizar->altera('17')
 3 SYSTEMPATH\CodeIgniter.php(494): CodeIgniter\CodeIgniter->runController(Object(App\Controllers\atualizar))
 4 SYSTEMPATH\CodeIgniter.php(353): CodeIgniter\CodeIgniter->handleRequest(null, Object(Config\Cache), false)
 5 FCPATH\index.php(79): CodeIgniter\CodeIgniter->run()
CRITICAL - 2023-10-01 18:19:59 --> Undefined array key "id_carro"
in APPPATH\Views\atualizar.php on line 3.
 1 APPPATH\Views\atualizar.php(3): CodeIgniter\Debug\Exceptions->errorHandler(2, 'Undefined array key "id_carro"', 'C:\\xampp\\htdocs\\crud\\app\\Views\\atualizar.php', 3)
 2 SYSTEMPATH\View\View.php(226): include('C:\\xampp\\htdocs\\crud\\app\\Views\\atualizar.php')
 3 SYSTEMPATH\View\View.php(229): CodeIgniter\View\View->CodeIgniter\View\{closure}()
 4 SYSTEMPATH\Common.php(1188): CodeIgniter\View\View->render('atualizar', [], true)
 5 APPPATH\Controllers\atualizar.php(14): view('atualizar', [...])
 6 SYSTEMPATH\CodeIgniter.php(919): App\Controllers\atualizar->altera('17')
 7 SYSTEMPATH\CodeIgniter.php(494): CodeIgniter\CodeIgniter->runController(Object(App\Controllers\atualizar))
 8 SYSTEMPATH\CodeIgniter.php(353): CodeIgniter\CodeIgniter->handleRequest(null, Object(Config\Cache), false)
 9 FCPATH\index.php(79): CodeIgniter\CodeIgniter->run()
CRITICAL - 2023-10-01 18:20:13 --> Undefined array key "id_carro"
in APPPATH\Views\atualizar.php on line 3.
 1 APPPATH\Views\atualizar.php(3): CodeIgniter\Debug\Exceptions->errorHandler(2, 'Undefined array key "id_carro"', 'C:\\xampp\\htdocs\\crud\\app\\Views\\atualizar.php', 3)
 2 SYSTEMPATH\View\View.php(226): include('C:\\xampp\\htdocs\\crud\\app\\Views\\atualizar.php')
 3 SYSTEMPATH\View\View.php(229): CodeIgniter\View\View->CodeIgniter\View\{closure}()
 4 SYSTEMPATH\Common.php(1188): CodeIgniter\View\View->render('atualizar', [], true)
 5 APPPATH\Controllers\atualizar.php(14): view('atualizar', [...])
 6 SYSTEMPATH\CodeIgniter.php(919): App\Controllers\atualizar->altera('17')
 7 SYSTEMPATH\CodeIgniter.php(494): CodeIgniter\CodeIgniter->runController(Object(App\Controllers\atualizar))
 8 SYSTEMPATH\CodeIgniter.php(353): CodeIgniter\CodeIgniter->handleRequest(null, Object(Config\Cache), false)
 9 FCPATH\index.php(79): CodeIgniter\CodeIgniter->run()
CRITICAL - 2023-10-01 18:53:06 --> syntax error, unexpected token "}"
in APPPATH\Controllers\criar.php on line 29.
 1 SYSTEMPATH\Autoloader\Autoloader.php(285): CodeIgniter\Autoloader\Autoloader->includeFile('C:\\xampp\\htdocs\\crud\\app\\Controllers\\criar.php')
 2 SYSTEMPATH\Autoloader\Autoloader.php(263): CodeIgniter\Autoloader\Autoloader->loadInNamespace('App\\Controllers\\criar')
 3 [internal function]: CodeIgniter\Autoloader\Autoloader->loadClass('App\\Controllers\\criar')
 4 SYSTEMPATH\CodeIgniter.php(877): class_exists('\\App\\Controllers\\criar', true)
 5 SYSTEMPATH\CodeIgniter.php(481): CodeIgniter\CodeIgniter->startController()
 6 SYSTEMPATH\CodeIgniter.php(353): CodeIgniter\CodeIgniter->handleRequest(null, Object(Config\Cache), false)
 7 FCPATH\index.php(79): CodeIgniter\CodeIgniter->run()
CRITICAL - 2023-10-01 19:04:17 --> Undefined variable $vt
in APPPATH\Views\topo.php on line 28.
 1 APPPATH\Views\topo.php(28): CodeIgniter\Debug\Exceptions->errorHandler(2, 'Undefined variable $vt', 'C:\\xampp\\htdocs\\crud\\app\\Views\\topo.php', 28)
 2 SYSTEMPATH\View\View.php(226): include('C:\\xampp\\htdocs\\crud\\app\\Views\\topo.php')
 3 SYSTEMPATH\View\View.php(229): CodeIgniter\View\View->CodeIgniter\View\{closure}()
 4 SYSTEMPATH\Common.php(1188): CodeIgniter\View\View->render('topo', [], true)
 5 APPPATH\Controllers\Home.php(9): view('topo', [...])
 6 SYSTEMPATH\CodeIgniter.php(919): App\Controllers\Home->index()
 7 SYSTEMPATH\CodeIgniter.php(494): CodeIgniter\CodeIgniter->runController(Object(App\Controllers\Home))
 8 SYSTEMPATH\CodeIgniter.php(353): CodeIgniter\CodeIgniter->handleRequest(null, Object(Config\Cache), false)
 9 FCPATH\index.php(79): CodeIgniter\CodeIgniter->run()
CRITICAL - 2023-10-01 19:04:40 --> Undefined variable $vt
in APPPATH\Views\topo.php on line 28.
 1 APPPATH\Views\topo.php(28): CodeIgniter\Debug\Exceptions->errorHandler(2, 'Undefined variable $vt', 'C:\\xampp\\htdocs\\crud\\app\\Views\\topo.php', 28)
 2 SYSTEMPATH\View\View.php(226): include('C:\\xampp\\htdocs\\crud\\app\\Views\\topo.php')
 3 SYSTEMPATH\View\View.php(229): CodeIgniter\View\View->CodeIgniter\View\{closure}()
 4 SYSTEMPATH\Common.php(1188): CodeIgniter\View\View->render('topo', [], true)
 5 APPPATH\Controllers\Home.php(9): view('topo', [...])
 6 SYSTEMPATH\CodeIgniter.php(919): App\Controllers\Home->index()
 7 SYSTEMPATH\CodeIgniter.php(494): CodeIgniter\CodeIgniter->runController(Object(App\Controllers\Home))
 8 SYSTEMPATH\CodeIgniter.php(353): CodeIgniter\CodeIgniter->handleRequest(null, Object(Config\Cache), false)
 9 FCPATH\index.php(79): CodeIgniter\CodeIgniter->run()
CRITICAL - 2023-10-01 19:16:04 --> Unclosed '(' on line 19 does not match '}'
in APPPATH\Controllers\usuario.php on line 25.
 1 SYSTEMPATH\Autoloader\Autoloader.php(285): CodeIgniter\Autoloader\Autoloader->includeFile('C:\\xampp\\htdocs\\crud\\app\\Controllers\\usuario.php')
 2 SYSTEMPATH\Autoloader\Autoloader.php(263): CodeIgniter\Autoloader\Autoloader->loadInNamespace('App\\Controllers\\usuario')
 3 [internal function]: CodeIgniter\Autoloader\Autoloader->loadClass('App\\Controllers\\usuario')
 4 SYSTEMPATH\CodeIgniter.php(877): class_exists('\\App\\Controllers\\usuario', true)
 5 SYSTEMPATH\CodeIgniter.php(481): CodeIgniter\CodeIgniter->startController()
 6 SYSTEMPATH\CodeIgniter.php(353): CodeIgniter\CodeIgniter->handleRequest(null, Object(Config\Cache), false)
 7 FCPATH\index.php(79): CodeIgniter\CodeIgniter->run()
CRITICAL - 2023-10-01 19:16:21 --> syntax error, unexpected token ";", expecting ")"
in APPPATH\Controllers\usuario.php on line 24.
 1 SYSTEMPATH\Autoloader\Autoloader.php(285): CodeIgniter\Autoloader\Autoloader->includeFile('C:\\xampp\\htdocs\\crud\\app\\Controllers\\usuario.php')
 2 SYSTEMPATH\Autoloader\Autoloader.php(263): CodeIgniter\Autoloader\Autoloader->loadInNamespace('App\\Controllers\\usuario')
 3 [internal function]: CodeIgniter\Autoloader\Autoloader->loadClass('App\\Controllers\\usuario')
 4 SYSTEMPATH\CodeIgniter.php(877): class_exists('\\App\\Controllers\\usuario', true)
 5 SYSTEMPATH\CodeIgniter.php(481): CodeIgniter\CodeIgniter->startController()
 6 SYSTEMPATH\CodeIgniter.php(353): CodeIgniter\CodeIgniter->handleRequest(null, Object(Config\Cache), false)
 7 FCPATH\index.php(79): CodeIgniter\CodeIgniter->run()
CRITICAL - 2023-10-01 19:34:53 --> syntax error, unexpected token "=>"
in APPPATH\Controllers\usuario.php on line 27.
 1 SYSTEMPATH\Autoloader\Autoloader.php(285): CodeIgniter\Autoloader\Autoloader->includeFile('C:\\xampp\\htdocs\\crud\\app\\Controllers\\usuario.php')
 2 SYSTEMPATH\Autoloader\Autoloader.php(263): CodeIgniter\Autoloader\Autoloader->loadInNamespace('App\\Controllers\\usuario')
 3 [internal function]: CodeIgniter\Autoloader\Autoloader->loadClass('App\\Controllers\\usuario')
 4 SYSTEMPATH\CodeIgniter.php(877): class_exists('\\App\\Controllers\\usuario', true)
 5 SYSTEMPATH\CodeIgniter.php(481): CodeIgniter\CodeIgniter->startController()
 6 SYSTEMPATH\CodeIgniter.php(353): CodeIgniter\CodeIgniter->handleRequest(null, Object(Config\Cache), false)
 7 FCPATH\index.php(79): CodeIgniter\CodeIgniter->run()
CRITICAL - 2023-10-01 19:54:26 --> Undefined global variable $_SESSION
in APPPATH\Controllers\empresa.php on line 9.
 1 APPPATH\Controllers\empresa.php(9): CodeIgniter\Debug\Exceptions->errorHandler(2, 'Undefined global variable $_SESSION', 'C:\\xampp\\htdocs\\crud\\app\\Controllers\\empresa.php', 9)
 2 SYSTEMPATH\CodeIgniter.php(919): App\Controllers\empresa->index()
 3 SYSTEMPATH\CodeIgniter.php(494): CodeIgniter\CodeIgniter->runController(Object(App\Controllers\empresa))
 4 SYSTEMPATH\CodeIgniter.php(353): CodeIgniter\CodeIgniter->handleRequest(null, Object(Config\Cache), false)
 5 FCPATH\index.php(79): CodeIgniter\CodeIgniter->run()
CRITICAL - 2023-10-01 19:55:35 --> Undefined global variable $_SESSION
in APPPATH\Controllers\empresa.php on line 9.
 1 APPPATH\Controllers\empresa.php(9): CodeIgniter\Debug\Exceptions->errorHandler(2, 'Undefined global variable $_SESSION', 'C:\\xampp\\htdocs\\crud\\app\\Controllers\\empresa.php', 9)
 2 SYSTEMPATH\CodeIgniter.php(919): App\Controllers\empresa->index()
 3 SYSTEMPATH\CodeIgniter.php(494): CodeIgniter\CodeIgniter->runController(Object(App\Controllers\empresa))
 4 SYSTEMPATH\CodeIgniter.php(353): CodeIgniter\CodeIgniter->handleRequest(null, Object(Config\Cache), false)
 5 FCPATH\index.php(79): CodeIgniter\CodeIgniter->run()
CRITICAL - 2023-10-01 19:58:06 --> Undefined global variable $_SESSION
in APPPATH\Views\nav.php on line 2.
 1 APPPATH\Views\nav.php(2): CodeIgniter\Debug\Exceptions->errorHandler(2, 'Undefined global variable $_SESSION', 'C:\\xampp\\htdocs\\crud\\app\\Views\\nav.php', 2)
 2 SYSTEMPATH\View\View.php(226): include('C:\\xampp\\htdocs\\crud\\app\\Views\\nav.php')
 3 SYSTEMPATH\View\View.php(229): CodeIgniter\View\View->CodeIgniter\View\{closure}()
 4 SYSTEMPATH\Common.php(1188): CodeIgniter\View\View->render('nav', [], true)
 5 APPPATH\Controllers\empresa.php(10): view('nav')
 6 SYSTEMPATH\CodeIgniter.php(919): App\Controllers\empresa->index()
 7 SYSTEMPATH\CodeIgniter.php(494): CodeIgniter\CodeIgniter->runController(Object(App\Controllers\empresa))
 8 SYSTEMPATH\CodeIgniter.php(353): CodeIgniter\CodeIgniter->handleRequest(null, Object(Config\Cache), false)
 9 FCPATH\index.php(79): CodeIgniter\CodeIgniter->run()
CRITICAL - 2023-10-01 19:58:31 --> Undefined global variable $_SESSION
in APPPATH\Views\nav.php on line 2.
 1 APPPATH\Views\nav.php(2): CodeIgniter\Debug\Exceptions->errorHandler(2, 'Undefined global variable $_SESSION', 'C:\\xampp\\htdocs\\crud\\app\\Views\\nav.php', 2)
 2 SYSTEMPATH\View\View.php(226): include('C:\\xampp\\htdocs\\crud\\app\\Views\\nav.php')
 3 SYSTEMPATH\View\View.php(229): CodeIgniter\View\View->CodeIgniter\View\{closure}()
 4 SYSTEMPATH\Common.php(1188): CodeIgniter\View\View->render('nav', [], true)
 5 APPPATH\Controllers\empresa.php(10): view('nav')
 6 SYSTEMPATH\CodeIgniter.php(919): App\Controllers\empresa->index()
 7 SYSTEMPATH\CodeIgniter.php(494): CodeIgniter\CodeIgniter->runController(Object(App\Controllers\empresa))
 8 SYSTEMPATH\CodeIgniter.php(353): CodeIgniter\CodeIgniter->handleRequest(null, Object(Config\Cache), false)
 9 FCPATH\index.php(79): CodeIgniter\CodeIgniter->run()
CRITICAL - 2023-10-01 19:59:27 --> Undefined global variable $_SESSION
in APPPATH\Views\nav.php on line 2.
 1 APPPATH\Views\nav.php(2): CodeIgniter\Debug\Exceptions->errorHandler(2, 'Undefined global variable $_SESSION', 'C:\\xampp\\htdocs\\crud\\app\\Views\\nav.php', 2)
 2 SYSTEMPATH\View\View.php(226): include('C:\\xampp\\htdocs\\crud\\app\\Views\\nav.php')
 3 SYSTEMPATH\View\View.php(229): CodeIgniter\View\View->CodeIgniter\View\{closure}()
 4 SYSTEMPATH\Common.php(1188): CodeIgniter\View\View->render('nav', [], true)
 5 APPPATH\Controllers\empresa.php(10): view('nav')
 6 SYSTEMPATH\CodeIgniter.php(919): App\Controllers\empresa->index()
 7 SYSTEMPATH\CodeIgniter.php(494): CodeIgniter\CodeIgniter->runController(Object(App\Controllers\empresa))
 8 SYSTEMPATH\CodeIgniter.php(353): CodeIgniter\CodeIgniter->handleRequest(null, Object(Config\Cache), false)
 9 FCPATH\index.php(79): CodeIgniter\CodeIgniter->run()
CRITICAL - 2023-10-01 20:09:49 --> Undefined global variable $_SESSION
in APPPATH\Views\nav.php on line 2.
 1 APPPATH\Views\nav.php(2): CodeIgniter\Debug\Exceptions->errorHandler(2, 'Undefined global variable $_SESSION', 'C:\\xampp\\htdocs\\crud\\app\\Views\\nav.php', 2)
 2 SYSTEMPATH\View\View.php(226): include('C:\\xampp\\htdocs\\crud\\app\\Views\\nav.php')
 3 SYSTEMPATH\View\View.php(229): CodeIgniter\View\View->CodeIgniter\View\{closure}()
 4 SYSTEMPATH\Common.php(1188): CodeIgniter\View\View->render('nav', [], true)
 5 APPPATH\Controllers\empresa.php(10): view('nav')
 6 SYSTEMPATH\CodeIgniter.php(919): App\Controllers\empresa->index()
 7 SYSTEMPATH\CodeIgniter.php(494): CodeIgniter\CodeIgniter->runController(Object(App\Controllers\empresa))
 8 SYSTEMPATH\CodeIgniter.php(353): CodeIgniter\CodeIgniter->handleRequest(null, Object(Config\Cache), false)
 9 FCPATH\index.php(79): CodeIgniter\CodeIgniter->run()
CRITICAL - 2023-10-01 20:13:40 --> Undefined global variable $_SESSION
in APPPATH\Views\nav.php on line 2.
 1 APPPATH\Views\nav.php(2): CodeIgniter\Debug\Exceptions->errorHandler(2, 'Undefined global variable $_SESSION', 'C:\\xampp\\htdocs\\crud\\app\\Views\\nav.php', 2)
 2 SYSTEMPATH\View\View.php(226): include('C:\\xampp\\htdocs\\crud\\app\\Views\\nav.php')
 3 SYSTEMPATH\View\View.php(229): CodeIgniter\View\View->CodeIgniter\View\{closure}()
 4 SYSTEMPATH\Common.php(1188): CodeIgniter\View\View->render('nav', [], true)
 5 APPPATH\Controllers\empresa.php(10): view('nav')
 6 SYSTEMPATH\CodeIgniter.php(919): App\Controllers\empresa->index()
 7 SYSTEMPATH\CodeIgniter.php(494): CodeIgniter\CodeIgniter->runController(Object(App\Controllers\empresa))
 8 SYSTEMPATH\CodeIgniter.php(353): CodeIgniter\CodeIgniter->handleRequest(null, Object(Config\Cache), false)
 9 FCPATH\index.php(79): CodeIgniter\CodeIgniter->run()
CRITICAL - 2023-10-01 20:31:55 --> Undefined variable $adm
in APPPATH\Views\ver.php on line 1.
 1 APPPATH\Views\ver.php(1): CodeIgniter\Debug\Exceptions->errorHandler(2, 'Undefined variable $adm', 'C:\\xampp\\htdocs\\crud\\app\\Views\\ver.php', 1)
 2 SYSTEMPATH\View\View.php(226): include('C:\\xampp\\htdocs\\crud\\app\\Views\\ver.php')
 3 SYSTEMPATH\View\View.php(229): CodeIgniter\View\View->CodeIgniter\View\{closure}()
 4 SYSTEMPATH\Common.php(1188): CodeIgniter\View\View->render('ver', [], true)
 5 APPPATH\Controllers\ver.php(16): view('ver', [...])
 6 SYSTEMPATH\CodeIgniter.php(919): App\Controllers\ver->index('1')
 7 SYSTEMPATH\CodeIgniter.php(494): CodeIgniter\CodeIgniter->runController(Object(App\Controllers\ver))
 8 SYSTEMPATH\CodeIgniter.php(353): CodeIgniter\CodeIgniter->handleRequest(null, Object(Config\Cache), false)
 9 FCPATH\index.php(79): CodeIgniter\CodeIgniter->run()
CRITICAL - 2023-10-01 20:44:44 --> Undefined variable $sess
in APPPATH\Views\nav.php on line 25.
 1 APPPATH\Views\nav.php(25): CodeIgniter\Debug\Exceptions->errorHandler(2, 'Undefined variable $sess', 'C:\\xampp\\htdocs\\crud\\app\\Views\\nav.php', 25)
 2 SYSTEMPATH\View\View.php(226): include('C:\\xampp\\htdocs\\crud\\app\\Views\\nav.php')
 3 SYSTEMPATH\View\View.php(229): CodeIgniter\View\View->CodeIgniter\View\{closure}()
 4 SYSTEMPATH\Common.php(1188): CodeIgniter\View\View->render('nav', [], true)
 5 APPPATH\Controllers\Home.php(9): view('nav', [...])
 6 SYSTEMPATH\CodeIgniter.php(919): App\Controllers\Home->index()
 7 SYSTEMPATH\CodeIgniter.php(494): CodeIgniter\CodeIgniter->runController(Object(App\Controllers\Home))
 8 SYSTEMPATH\CodeIgniter.php(353): CodeIgniter\CodeIgniter->handleRequest(null, Object(Config\Cache), false)
 9 FCPATH\index.php(79): CodeIgniter\CodeIgniter->run()
CRITICAL - 2023-10-01 20:47:23 --> Undefined variable $msg
in APPPATH\Views\criar.php on line 13.
 1 APPPATH\Views\criar.php(13): CodeIgniter\Debug\Exceptions->errorHandler(2, 'Undefined variable $msg', 'C:\\xampp\\htdocs\\crud\\app\\Views\\criar.php', 13)
 2 SYSTEMPATH\View\View.php(226): include('C:\\xampp\\htdocs\\crud\\app\\Views\\criar.php')
 3 SYSTEMPATH\View\View.php(229): CodeIgniter\View\View->CodeIgniter\View\{closure}()
 4 SYSTEMPATH\Common.php(1188): CodeIgniter\View\View->render('criar', [], true)
 5 APPPATH\Controllers\criar.php(10): view('criar')
 6 SYSTEMPATH\CodeIgniter.php(919): App\Controllers\criar->index()
 7 SYSTEMPATH\CodeIgniter.php(494): CodeIgniter\CodeIgniter->runController(Object(App\Controllers\criar))
 8 SYSTEMPATH\CodeIgniter.php(353): CodeIgniter\CodeIgniter->handleRequest(null, Object(Config\Cache), false)
 9 FCPATH\index.php(79): CodeIgniter\CodeIgniter->run()
CRITICAL - 2023-10-01 20:54:01 --> session_destroy(): Trying to destroy uninitialized session
in APPPATH\Controllers\logout.php on line 9.
 1 [internal function]: CodeIgniter\Debug\Exceptions->errorHandler(2, 'session_destroy(): Trying to destroy uninitialized session', 'C:\\xampp\\htdocs\\crud\\app\\Controllers\\logout.php', 9)
 2 APPPATH\Controllers\logout.php(9): session_destroy()
 3 SYSTEMPATH\CodeIgniter.php(919): App\Controllers\logout->index()
 4 SYSTEMPATH\CodeIgniter.php(494): CodeIgniter\CodeIgniter->runController(Object(App\Controllers\logout))
 5 SYSTEMPATH\CodeIgniter.php(353): CodeIgniter\CodeIgniter->handleRequest(null, Object(Config\Cache), false)
 6 FCPATH\index.php(79): CodeIgniter\CodeIgniter->run()
CRITICAL - 2023-10-01 20:54:44 --> Undefined global variable $_SESSION
in APPPATH\Controllers\logout.php on line 9.
 1 APPPATH\Controllers\logout.php(9): CodeIgniter\Debug\Exceptions->errorHandler(2, 'Undefined global variable $_SESSION', 'C:\\xampp\\htdocs\\crud\\app\\Controllers\\logout.php', 9)
 2 SYSTEMPATH\CodeIgniter.php(919): App\Controllers\logout->index()
 3 SYSTEMPATH\CodeIgniter.php(494): CodeIgniter\CodeIgniter->runController(Object(App\Controllers\logout))
 4 SYSTEMPATH\CodeIgniter.php(353): CodeIgniter\CodeIgniter->handleRequest(null, Object(Config\Cache), false)
 5 FCPATH\index.php(79): CodeIgniter\CodeIgniter->run()
CRITICAL - 2023-10-01 20:55:02 --> syntax error, unexpected token "}"
in APPPATH\Controllers\logout.php on line 12.
 1 SYSTEMPATH\Autoloader\Autoloader.php(285): CodeIgniter\Autoloader\Autoloader->includeFile('C:\\xampp\\htdocs\\crud\\app\\Controllers\\logout.php')
 2 SYSTEMPATH\Autoloader\Autoloader.php(263): CodeIgniter\Autoloader\Autoloader->loadInNamespace('App\\Controllers\\logout')
 3 [internal function]: CodeIgniter\Autoloader\Autoloader->loadClass('App\\Controllers\\logout')
 4 SYSTEMPATH\CodeIgniter.php(877): class_exists('\\App\\Controllers\\logout', true)
 5 SYSTEMPATH\CodeIgniter.php(481): CodeIgniter\CodeIgniter->startController()
 6 SYSTEMPATH\CodeIgniter.php(353): CodeIgniter\CodeIgniter->handleRequest(null, Object(Config\Cache), false)
 7 FCPATH\index.php(79): CodeIgniter\CodeIgniter->run()
